<?xml version="1.0" encoding="UTF-8"?>
<testsuite xmlns:xsi="http://www.w3.org/2001/XMLSchema-instance" xsi:noNamespaceSchemaLocation="https://maven.apache.org/surefire/maven-surefire-plugin/xsd/surefire-test-report-3.0.xsd" version="3.0" name="com.example.studentcrud.StudentcrudApplicationTests" time="14.767" tests="1" errors="0" skipped="0" failures="0">
  <properties>
[...]
</properties>
  <testcase name="contextLoads" classname="com.example.studentcrud.StudentcrudApplicationTests" time="0.546">
    <system-out><![CDATA[16:11:56.268 [main] INFO org.springframework.test.context.support.AnnotationConfigContextLoaderUtils -- Could not detect default configuration classes for test class [com.example.studentcrud.StudentcrudApplicationTests]: StudentcrudApplicationTests does not declare any static, non-private, non-final, nested classes annotated with @Configuration.
16:11:56.590 [main] INFO org.springframework.boot.test.context.SpringBootTestContextBootstrapper -- Found @SpringBootConfiguration com.example.studentcrud.StudentcrudApplication for test class com.example.studentcrud.StudentcrudApplicationTests

  .   ____          _            __ _ _
 /\\ / ___'_ __ _ _(_)_ __  __ _ \ \ \ \
( ( )\___ | '_ | '_| | '_ \/ _` | \ \ \ \
 \\/  ___)| |_)| | | | | || (_| |  ) ) ) )
  '  |____| .__|_| |_|_| |_\__, | / / / /
 =========|_|==============|___/=/_/_/_/

 :: Spring Boot ::                (v3.3.3)

2024-09-13T16:11:57.359+05:30  INFO 8120 --- [studentcrud] [           main] c.e.s.StudentcrudApplicationTests        : Starting StudentcrudApplicationTests using Java 17.0.12 with PID 8120 (started by Anmol Kumar in D:\caps\studentcrud)
2024-09-13T16:11:57.360+05:30  INFO 8120 --- [studentcrud] [           main] c.e.s.StudentcrudApplicationTests        : No active profile set, falling back to 1 default profile: "default"
2024-09-13T16:11:58.392+05:30  INFO 8120 --- [studentcrud] [           main] .s.d.r.c.RepositoryConfigurationDelegate : Bootstrapping Spring Data JPA repositories in DEFAULT mode.
2024-09-13T16:11:58.498+05:30  INFO 8120 --- [studentcrud] [           main] .s.d.r.c.RepositoryConfigurationDelegate : Finished Spring Data repository scanning in 91 ms. Found 1 JPA repository interface.
2024-09-13T16:11:59.213+05:30  INFO 8120 --- [studentcrud] [           main] o.hibernate.jpa.internal.util.LogHelper  : HHH000204: Processing PersistenceUnitInfo [name: default]
2024-09-13T16:11:59.334+05:30  INFO 8120 --- [studentcrud] [           main] org.hibernate.Version                    : HHH000412: Hibernate ORM core version 6.5.2.Final
2024-09-13T16:11:59.393+05:30  INFO 8120 --- [studentcrud] [           main] o.h.c.internal.RegionFactoryInitiator    : HHH000026: Second-level cache disabled
2024-09-13T16:12:00.111+05:30  INFO 8120 --- [studentcrud] [           main] o.s.o.j.p.SpringPersistenceUnitInfo      : No LoadTimeWeaver setup: ignoring JPA class transformer
2024-09-13T16:12:00.161+05:30  INFO 8120 --- [studentcrud] [           main] com.zaxxer.hikari.HikariDataSource       : HikariPool-1 - Starting...
2024-09-13T16:12:05.571+05:30  INFO 8120 --- [studentcrud] [           main] com.zaxxer.hikari.pool.HikariPool        : HikariPool-1 - Added connection com.mysql.cj.jdbc.ConnectionImpl@3bf6c2ae
2024-09-13T16:12:05.574+05:30  INFO 8120 --- [studentcrud] [           main] com.zaxxer.hikari.HikariDataSource       : HikariPool-1 - Start completed.
2024-09-13T16:12:07.753+05:30  INFO 8120 --- [studentcrud] [           main] o.h.e.t.j.p.i.JtaPlatformInitiator       : HHH000489: No JTA platform available (set 'hibernate.transaction.jta.platform' to enable JTA platform integration)
2024-09-13T16:12:08.823+05:30  INFO 8120 --- [studentcrud] [           main] j.LocalContainerEntityManagerFactoryBean : Initialized JPA EntityManagerFactory for persistence unit 'default'
2024-09-13T16:12:09.355+05:30  WARN 8120 --- [studentcrud] [           main] JpaBaseConfiguration$JpaWebConfiguration : spring.jpa.open-in-view is enabled by default. Therefore, database queries may be performed during view rendering. Explicitly configure spring.jpa.open-in-view to disable this warning
2024-09-13T16:12:09.938+05:30  INFO 8120 --- [studentcrud] [           main] c.e.s.StudentcrudApplicationTests        : Started StudentcrudApplicationTests in 12.954 seconds (process running for 15.49)
]]></system-out>
  </testcase>
</testsuite>